ICP-11/source/app/build/intermediates/manifest_merge_blame_file/debug/manifest-merger-blame-debug-report.txt
1<?xml version="1.0" encoding="utf-8"?>
2<manifest xmlns:android="http://schemas.android.com/apk/res/android"
3    package="com.umkc.icp4"
4    android:versionCode="1"
5    android:versionName="1.0" >
6
7    <uses-sdk
8        android:minSdkVersion="15"
8-->src\main\AndroidManifest.xml
9        android:targetSdkVersion="28" />
9-->src\main\AndroidManifest.xml
10
11    <uses-permission android:name="android.permission.INTERNET" />
11-->src\main\AndroidManifest.xml:5:5-67
11-->src\main\AndroidManifest.xml:5:22-64
12    <uses-permission android:name="android.permission.ACCESS_FINE_LOCATION" />
12-->src\main\AndroidManifest.xml:6:5-79
12-->src\main\AndroidManifest.xml:6:22-76
13    <uses-permission android:name="android.permission.RECORD_AUDIO" />
13-->src\main\AndroidManifest.xml:7:5-71
13-->src\main\AndroidManifest.xml:7:22-68
14    <uses-permission android:name="android.permission.ACCESS_COARSE_LOCATION" />
14-->src\main\AndroidManifest.xml:8:5-81
14-->src\main\AndroidManifest.xml:8:22-78
15    <uses-permission android:name="android.permission.WRITE_EXTERNAL_STORAGE" />
15-->src\main\AndroidManifest.xml:9:5-81
15-->src\main\AndroidManifest.xml:9:22-78
16
17    <!-- Include required permissions for Google Maps API to run. -->
18    <uses-permission android:name="android.permission.ACCESS_NETWORK_STATE" />
18-->[com.google.android.gms:play-services-maps:15.0.1] AndroidManifest.xml:23:5-79
18-->[com.google.android.gms:play-services-maps:15.0.1] AndroidManifest.xml:23:22-76
19
20    <uses-feature
20-->[com.google.android.gms:play-services-maps:15.0.1] AndroidManifest.xml:26:5-28:35
21        android:glEsVersion="0x00020000"
21-->[com.google.android.gms:play-services-maps:15.0.1] AndroidManifest.xml:27:9-41
22        android:required="true" />
22-->[com.google.android.gms:play-services-maps:15.0.1] AndroidManifest.xml:28:9-32
23
24    <application
24-->src\main\AndroidManifest.xml:11:5-45:19
25        android:allowBackup="true"
25-->src\main\AndroidManifest.xml:12:9-35
26        android:appComponentFactory="android.support.v4.app.CoreComponentFactory"
26-->[com.android.support:support-compat:28.0.0] AndroidManifest.xml:22:18-91
27        android:debuggable="true"
28        android:icon="@mipmap/ic_launcher"
28-->src\main\AndroidManifest.xml:13:9-43
29        android:label="@string/app_name"
29-->src\main\AndroidManifest.xml:14:9-41
30        android:roundIcon="@mipmap/ic_launcher_round"
30-->src\main\AndroidManifest.xml:15:9-54
31        android:supportsRtl="true"
31-->src\main\AndroidManifest.xml:16:9-35
32        android:testOnly="true"
33        android:theme="@style/AppTheme" >
33-->src\main\AndroidManifest.xml:17:9-40
34        <uses-library
34-->src\main\AndroidManifest.xml:18:9-20:40
35            android:name="org.apache.http.legacy"
35-->src\main\AndroidManifest.xml:19:13-50
36            android:required="false" />
36-->src\main\AndroidManifest.xml:20:13-37
37
38        <activity android:name="com.umkc.icp4.MainActivity" >
38-->src\main\AndroidManifest.xml:22:9-28:20
38-->src\main\AndroidManifest.xml:22:19-47
39            <intent-filter>
39-->src\main\AndroidManifest.xml:23:13-27:29
40                <action android:name="android.intent.action.MAIN" />
40-->src\main\AndroidManifest.xml:24:17-69
40-->src\main\AndroidManifest.xml:24:25-66
41
42                <category android:name="android.intent.category.LAUNCHER" />
42-->src\main\AndroidManifest.xml:26:17-77
42-->src\main\AndroidManifest.xml:26:27-74
43            </intent-filter>
44        </activity>
45        <activity android:name="com.umkc.icp4.MapsActivity" />
45-->src\main\AndroidManifest.xml:29:9-50
45-->src\main\AndroidManifest.xml:29:19-47
46        <!--
47             The API key for Google Maps-based APIs is defined as a string resource.
48             (See the file "res/values/google_maps_api.xml").
49             Note that the API key is linked to the encryption key used to sign the APK.
50             You need a different API key for each encryption key, including the release key that is used to
51             sign the APK for publishing.
52             You can define the keys for the debug and release targets in src/debug/ and src/release/.
53        -->
54        <meta-data
54-->src\main\AndroidManifest.xml:38:9-40:55
55            android:name="com.google.android.geo.API_KEY"
55-->src\main\AndroidManifest.xml:39:13-58
56            android:value="@string/google_maps_key" />
56-->src\main\AndroidManifest.xml:40:13-52
57
58        <activity android:name="com.umkc.icp4.CameraActivity" />
58-->src\main\AndroidManifest.xml:42:9-52
58-->src\main\AndroidManifest.xml:42:19-49
59        <activity android:name="com.umkc.icp4.RecordActivity" />
59-->src\main\AndroidManifest.xml:43:9-52
59-->src\main\AndroidManifest.xml:43:19-49
60        <activity android:name="com.umkc.icp4.StoreActivity" />
60-->src\main\AndroidManifest.xml:44:9-60
60-->src\main\AndroidManifest.xml:44:19-48
61        <activity
61-->[com.google.android.gms:play-services-base:15.0.1] AndroidManifest.xml:23:9-26:75
62            android:name="com.google.android.gms.common.api.GoogleApiActivity"
62-->[com.google.android.gms:play-services-base:15.0.1] AndroidManifest.xml:24:13-79
63            android:exported="false"
63-->[com.google.android.gms:play-services-base:15.0.1] AndroidManifest.xml:25:13-37
64            android:theme="@android:style/Theme.Translucent.NoTitleBar" />
64-->[com.google.android.gms:play-services-base:15.0.1] AndroidManifest.xml:26:13-72
65
66        <meta-data
66-->[com.google.android.gms:play-services-basement:15.0.1] AndroidManifest.xml:23:9-25:69
67            android:name="com.google.android.gms.version"
67-->[com.google.android.gms:play-services-basement:15.0.1] AndroidManifest.xml:24:13-58
68            android:value="@integer/google_play_services_version" />
68-->[com.google.android.gms:play-services-basement:15.0.1] AndroidManifest.xml:25:13-66
69        <meta-data
69-->[com.android.support:support-v4:26.1.0] AndroidManifest.xml:26:9-28:38
70            android:name="android.support.VERSION"
70-->[com.android.support:support-v4:26.1.0] AndroidManifest.xml:27:13-51
71            android:value="26.1.0" />
71-->[com.android.support:support-v4:26.1.0] AndroidManifest.xml:28:13-35
72    </application>
73
74</manifest>